Build started 2016-02-10 21:17:39.
     1>Project "C:\Users\andre\Documents\GitHubVisualStudio\Snake\Snake\Snake.vcxproj" on node 2 (Build target(s)).
     1>ClCompile:
         C:\Program Files (x86)\Microsoft Visual Studio 14.0\VC\bin\CL.exe /c /IC:\SFML\include /ZI /nologo /W3 /WX- /sdl /Od /Oy- /D WIN32 /D _DEBUG /D _CONSOLE /D _UNICODE /D UNICODE /Gm /EHsc /RTC1 /MDd /GS /fp:precise /Zc:wchar_t /Zc:forScope /Zc:inline /Fo"Debug\\" /Fd"Debug\vc140.pdb" /Gd /TP /analyze- /errorReport:prompt Snake.cpp Tail.cpp main.cpp
         Snake.cpp
     1>c:\users\andre\documents\githubvisualstudio\snake\snake\snake.cpp(21): warning C4018: '<': signed/unsigned mismatch
         Generating Code...
         Skipping... (no relevant changes detected)
         main.cpp
         Tail.cpp
       Link:
         C:\Program Files (x86)\Microsoft Visual Studio 14.0\VC\bin\link.exe /ERRORREPORT:PROMPT /OUT:"C:\Users\andre\Documents\GitHubVisualStudio\Snake\Debug\Snake.exe" /INCREMENTAL /NOLOGO /LIBPATH:C:\SFML\lib "sfml-audio-d.lib" "sfml-graphics-d.lib" "sfml-system-d.lib" "sfml-window-d.lib" kernel32.lib user32.lib gdi32.lib winspool.lib comdlg32.lib advapi32.lib shell32.lib ole32.lib oleaut32.lib uuid.lib odbc32.lib odbccp32.lib kernel32.lib user32.lib gdi32.lib winspool.lib comdlg32.lib advapi32.lib shell32.lib ole32.lib oleaut32.lib uuid.lib odbc32.lib odbccp32.lib /MANIFEST /MANIFESTUAC:"level='asInvoker' uiAccess='false'" /manifest:embed /Debug /PDB:"C:\Users\andre\Documents\GitHubVisualStudio\Snake\Debug\Snake.pdb" /SUBSYSTEM:CONSOLE /TLBID:1 /DYNAMICBASE /NXCOMPAT /IMPLIB:"C:\Users\andre\Documents\GitHubVisualStudio\Snake\Debug\Snake.lib" /MACHINE:X86 Debug\Food.obj
         Debug\Head.obj
         Debug\main.obj
         Debug\Snake.obj
         Debug\SnakeSquare.obj
         Debug\Square.obj
         Debug\Tail.obj
         Snake.vcxproj -> C:\Users\andre\Documents\GitHubVisualStudio\Snake\Debug\Snake.exe
     1>Done Building Project "C:\Users\andre\Documents\GitHubVisualStudio\Snake\Snake\Snake.vcxproj" (Build target(s)).

Build succeeded.

Time Elapsed 00:00:03.54
